[2024-04-23T15:22:05.256+0000] {local_task_job_runner.py:120} INFO - ::group::Pre task execution logs
[2024-04-23T15:22:05.288+0000] {taskinstance.py:2073} INFO - Dependencies all met for dep_context=non-requeueable deps ti=<TaskInstance: model_pipeline.generate_report manual__2024-04-23T15:13:50.352085+00:00 [queued]>
[2024-04-23T15:22:05.300+0000] {taskinstance.py:2073} INFO - Dependencies all met for dep_context=requeueable deps ti=<TaskInstance: model_pipeline.generate_report manual__2024-04-23T15:13:50.352085+00:00 [queued]>
[2024-04-23T15:22:05.301+0000] {taskinstance.py:2303} INFO - Starting attempt 2 of 2
[2024-04-23T15:22:05.324+0000] {taskinstance.py:2327} INFO - Executing <Task(PythonOperator): generate_report> on 2024-04-23 15:13:50.352085+00:00
[2024-04-23T15:22:05.337+0000] {warnings.py:110} WARNING - /home/***/.local/lib/python3.12/site-packages/***/task/task_runner/standard_task_runner.py:61: DeprecationWarning: This process (pid=1353) is multi-threaded, use of fork() may lead to deadlocks in the child.
  pid = os.fork()

[2024-04-23T15:22:05.340+0000] {standard_task_runner.py:63} INFO - Started process 1362 to run task
[2024-04-23T15:22:05.340+0000] {standard_task_runner.py:90} INFO - Running: ['***', 'tasks', 'run', 'model_pipeline', 'generate_report', 'manual__2024-04-23T15:13:50.352085+00:00', '--job-id', '119', '--raw', '--subdir', 'DAGS_FOLDER/ml_pipeline_dag.py', '--cfg-path', '/tmp/tmpncmdmq8t']
[2024-04-23T15:22:05.342+0000] {standard_task_runner.py:91} INFO - Job 119: Subtask generate_report
[2024-04-23T15:22:05.413+0000] {task_command.py:426} INFO - Running <TaskInstance: model_pipeline.generate_report manual__2024-04-23T15:13:50.352085+00:00 [running]> on host ec31c9b90297
[2024-04-23T15:22:05.564+0000] {taskinstance.py:2644} INFO - Exporting env vars: AIRFLOW_CTX_DAG_OWNER='***' AIRFLOW_CTX_DAG_ID='model_pipeline' AIRFLOW_CTX_TASK_ID='generate_report' AIRFLOW_CTX_EXECUTION_DATE='2024-04-23T15:13:50.352085+00:00' AIRFLOW_CTX_TRY_NUMBER='2' AIRFLOW_CTX_DAG_RUN_ID='manual__2024-04-23T15:13:50.352085+00:00'
[2024-04-23T15:22:05.566+0000] {taskinstance.py:430} INFO - ::endgroup::
[2024-04-23T15:22:05.590+0000] {taskinstance.py:441} INFO - ::group::Post task execution logs
[2024-04-23T15:22:05.592+0000] {taskinstance.py:2890} ERROR - Task failed with exception
Traceback (most recent call last):
  File "/home/airflow/.local/lib/python3.12/site-packages/airflow/models/taskinstance.py", line 465, in _execute_task
    result = _execute_callable(context=context, **execute_callable_kwargs)
             ^^^^^^^^^^^^^^^^^^^^^^^^^^^^^^^^^^^^^^^^^^^^^^^^^^^^^^^^^^^^^
  File "/home/airflow/.local/lib/python3.12/site-packages/airflow/models/taskinstance.py", line 432, in _execute_callable
    return execute_callable(context=context, **execute_callable_kwargs)
           ^^^^^^^^^^^^^^^^^^^^^^^^^^^^^^^^^^^^^^^^^^^^^^^^^^^^^^^^^^^^
  File "/home/airflow/.local/lib/python3.12/site-packages/airflow/models/baseoperator.py", line 400, in wrapper
    return func(self, *args, **kwargs)
           ^^^^^^^^^^^^^^^^^^^^^^^^^^^
  File "/home/airflow/.local/lib/python3.12/site-packages/airflow/operators/python.py", line 235, in execute
    return_value = self.execute_callable()
                   ^^^^^^^^^^^^^^^^^^^^^^^
  File "/home/airflow/.local/lib/python3.12/site-packages/airflow/operators/python.py", line 252, in execute_callable
    return self.python_callable(*self.op_args, **self.op_kwargs)
           ^^^^^^^^^^^^^^^^^^^^^^^^^^^^^^^^^^^^^^^^^^^^^^^^^^^^^
  File "/opt/airflow/dags/ml_pipeline_dag.py", line 120, in generate_report
    report = classification_report(y_test, y_pred, output_dict=True)
             ^^^^^^^^^^^^^^^^^^^^^^^^^^^^^^^^^^^^^^^^^^^^^^^^^^^^^^^
  File "/home/airflow/.local/lib/python3.12/site-packages/sklearn/utils/_param_validation.py", line 203, in wrapper
    validate_parameter_constraints(
  File "/home/airflow/.local/lib/python3.12/site-packages/sklearn/utils/_param_validation.py", line 95, in validate_parameter_constraints
    raise InvalidParameterError(
sklearn.utils._param_validation.InvalidParameterError: The 'y_true' parameter of classification_report must be an array-like or a sparse matrix. Got None instead.
[2024-04-23T15:22:05.608+0000] {taskinstance.py:1205} INFO - Marking task as FAILED. dag_id=model_pipeline, task_id=generate_report, execution_date=20240423T151350, start_date=20240423T152205, end_date=20240423T152205
[2024-04-23T15:22:05.626+0000] {standard_task_runner.py:110} ERROR - Failed to execute job 119 for task generate_report (The 'y_true' parameter of classification_report must be an array-like or a sparse matrix. Got None instead.; 1362)
[2024-04-23T15:22:05.677+0000] {local_task_job_runner.py:240} INFO - Task exited with return code 1
[2024-04-23T15:22:05.707+0000] {taskinstance.py:3482} INFO - 0 downstream tasks scheduled from follow-on schedule check
[2024-04-23T15:22:05.710+0000] {local_task_job_runner.py:222} INFO - ::endgroup::
